<?xml version="1.0" encoding="UTF-8"?>
<!-- Generated by org.testng.reporters.JUnitXMLReporter -->
<testsuite hostname="DESKTOP-NH0EPD3" name="SignUp" tests="8" failures="1" timestamp="15 Jun 2018 21:41:30 GMT" time="62.073" errors="0">
  <testcase name="firstTestCase" time="6.423" classname="TracksPageScripts.Linkedin_SignUp_PageScripts"/>
  <testcase name="secondTestCase" time="3.454" classname="TracksPageScripts.Linkedin_SignUp_PageScripts"/>
  <testcase name="thirdTestCase" time="3.596" classname="TracksPageScripts.Linkedin_SignUp_PageScripts"/>
  <testcase name="fourthTestCase" time="4.493" classname="TracksPageScripts.Linkedin_SignUp_PageScripts"/>
  <testcase name="fifthTestCase" time="3.24" classname="TracksPageScripts.Linkedin_SignUp_PageScripts">
    <skipped/>
  </testcase> <!-- fifthTestCase -->
  <testcase name="fifthTestCase" time="4.336" classname="TracksPageScripts.Linkedin_SignUp_PageScripts">
    <skipped/>
  </testcase> <!-- fifthTestCase -->
  <testcase name="fifthTestCase" time="3.735" classname="TracksPageScripts.Linkedin_SignUp_PageScripts">
    <skipped/>
  </testcase> <!-- fifthTestCase -->
  <testcase name="fifthTestCase" time="3.228" classname="TracksPageScripts.Linkedin_SignUp_PageScripts">
    <failure type="java.lang.AssertionError" message="The following asserts failed:
	expected [Please enter a valid email addressss] but found [Please enter a valid email address or mobile number]">
      <![CDATA[java.lang.AssertionError: The following asserts failed:
	expected [Please enter a valid email addressss] but found [Please enter a valid email address or mobile number]
	at TracksPageScripts.Linkedin_SignUp_PageScripts.fifthTestCase(Linkedin_SignUp_PageScripts.java:170)
... Removed 25 stack frames]]>
    </failure>
  </testcase> <!-- fifthTestCase -->
</testsuite> <!-- SignUp -->
