<?xml version="1.0" encoding="UTF-8"?>
<!-- Generated by org.testng.reporters.JUnitXMLReporter -->
<testsuite hostname="DESKTOP-81U3LVR" name="SignUp" tests="5" failures="0" timestamp="8 Jun 2018 17:04:23 GMT" time="46.032" errors="0">
  <testcase name="firstTestCase" time="7.18" classname="TracksPageScripts.Linkedin_SignUp_PageScripts"/>
  <testcase name="secondTestCase" time="3.894" classname="TracksPageScripts.Linkedin_SignUp_PageScripts"/>
  <testcase name="thirdTestCase" time="3.569" classname="TracksPageScripts.Linkedin_SignUp_PageScripts"/>
  <testcase name="fourthTestCase" time="3.754" classname="TracksPageScripts.Linkedin_SignUp_PageScripts"/>
  <testcase name="fifthTestCase" time="3.578" classname="TracksPageScripts.Linkedin_SignUp_PageScripts"/>
</testsuite> <!-- SignUp -->
